{
  "RSpec": {
    "coverage": {
      "/media/sf_share/makers/wk6/makersbnb/app/app.rb": [
        1,
        null,
        1,
        1,
        1,
        1,
        1,
        null,
        1,
        1,
        1,
        null,
        1,
        null,
        null,
        1,
        null,
        1,
        null,
        null,
        1
      ],
      "/media/sf_share/makers/wk6/makersbnb/app/server.rb": [
        1,
        null,
        1,
        1,
        null,
        1,
        null,
        1,
        1,
        null,
        1,
        1,
        null,
        1,
        null,
        1,
        6,
        null,
        null,
        null,
        1,
        null
      ],
      "/media/sf_share/makers/wk6/makersbnb/app/controllers/users.rb": [
        1,
        null,
        1,
        24,
        24,
        null,
        null,
        1,
        11,
        null,
        null,
        null,
        null,
        11,
        7,
        7,
        null,
        4,
        4,
        null,
        null,
        null
      ],
      "/media/sf_share/makers/wk6/makersbnb/app/controllers/sessions.rb": [
        1,
        null,
        1,
        1,
        null,
        null,
        1,
        1,
        1,
        1,
        1,
        null,
        0,
        0,
        null,
        null,
        null,
        1,
        4,
        4,
        4,
        null,
        null
      ],
      "/media/sf_share/makers/wk6/makersbnb/app/data_mapper_setup.rb": [
        1,
        1,
        null,
        1,
        1,
        1,
        1,
        null,
        1,
        1,
        1
      ],
      "/media/sf_share/makers/wk6/makersbnb/app/models/booking.rb": [
        1,
        1,
        null,
        1,
        1,
        null,
        1,
        1,
        1,
        null,
        null
      ],
      "/media/sf_share/makers/wk6/makersbnb/app/models/date.rb": [
        1,
        1,
        null,
        1,
        1,
        null,
        1,
        null,
        null
      ],
      "/media/sf_share/makers/wk6/makersbnb/app/models/room.rb": [
        1,
        1,
        null,
        1,
        1,
        1,
        1,
        1,
        null,
        1,
        1,
        null,
        1,
        1,
        3,
        null,
        null,
        1,
        1,
        null,
        null,
        1,
        5,
        null,
        null
      ],
      "/media/sf_share/makers/wk6/makersbnb/app/models/user.rb": [
        1,
        null,
        1,
        1,
        null,
        1,
        1,
        null,
        1,
        1,
        1,
        1,
        1,
        null,
        1,
        null,
        1,
        1,
        null,
        1,
        11,
        11,
        null,
        null,
        1,
        1,
        1,
        1,
        null,
        null,
        null,
        null,
        null,
        null
      ],
      "/media/sf_share/makers/wk6/makersbnb/app/helpers.rb": [
        1,
        null,
        1,
        49,
        null,
        null,
        1,
        0,
        null,
        null,
        null
      ],
      "/media/sf_share/makers/wk6/makersbnb/app/controllers/rooms.rb": [
        1,
        null,
        1,
        1,
        null,
        null,
        1,
        0,
        null,
        null,
        1,
        null,
        1,
        null,
        null,
        null,
        null,
        1,
        null,
        null,
        null,
        null,
        null
      ],
      "/media/sf_share/makers/wk6/makersbnb/spec/helpers/session_helper.rb": [
        1,
        null,
        null,
        null,
        null,
        11,
        null,
        11,
        11,
        11,
        11,
        11,
        11,
        null,
        null,
        null,
        1,
        null,
        1,
        1,
        1,
        1,
        null,
        null,
        1,
        2,
        null
      ],
      "/media/sf_share/makers/wk6/makersbnb/spec/helpers/room_helper.rb": [
        1,
        1,
        1,
        1,
        1,
        1,
        1,
        null
      ],
      "/media/sf_share/makers/wk6/makersbnb/spec/features/listing_a_room_spec.rb": [
        1,
        1,
        1,
        null,
        2,
        null,
        null,
        1,
        1,
        null,
        null
      ],
      "/media/sf_share/makers/wk6/makersbnb/spec/features/sign_in_spec.rb": [
        1,
        1,
        0,
        0,
        0,
        null,
        1,
        1,
        1,
        1,
        null,
        null,
        null,
        1,
        null,
        1,
        0,
        0,
        0,
        0,
        null,
        1,
        0,
        0,
        0,
        0,
        null,
        null
      ],
      "/media/sf_share/makers/wk6/makersbnb/spec/features/sign_out_spec.rb": [
        1,
        1,
        1,
        1,
        1,
        null,
        null,
        null
      ],
      "/media/sf_share/makers/wk6/makersbnb/spec/features/signup_spec.rb": [
        null,
        null,
        1,
        null,
        1,
        2,
        null,
        null,
        1,
        1,
        1,
        1,
        null,
        null,
        1,
        2,
        1,
        null,
        null,
        1,
        2,
        1,
        null,
        null,
        1,
        1,
        1,
        2,
        1,
        null,
        null,
        1,
        1,
        1,
        2,
        1,
        null,
        null
      ],
      "/media/sf_share/makers/wk6/makersbnb/spec/models/room_spec.rb": [
        1,
        null,
        1,
        4,
        null,
        null,
        null,
        null,
        null,
        1,
        4,
        null,
        null,
        1,
        4,
        null,
        null,
        1,
        4,
        null,
        null,
        1,
        4,
        null,
        null,
        null,
        null,
        1,
        4,
        12,
        4,
        null,
        4,
        4,
        null,
        null,
        1,
        1,
        null,
        null,
        1,
        1,
        null,
        null,
        1,
        null,
        1,
        1,
        null,
        null,
        1,
        1,
        null,
        null,
        null,
        null,
        1,
        12,
        null
      ]
    },
    "timestamp": 1486548433
  }
}
