{
  "RSpec": {
    "coverage": {
      "/home/ubuntu/workspace/Projects/6week/makersbnb/app/app.rb": [
        1,
        null,
        1,
        1,
        1,
        1,
        1,
        null,
        1,
        1,
        1,
        null,
        1,
        null,
        null,
        1,
        null,
        1,
        null,
        null,
        1
      ],
      "/home/ubuntu/workspace/Projects/6week/makersbnb/app/server.rb": [
        1,
        null,
        1,
        1,
        null,
        1,
        null,
        1,
        1,
        null,
        1,
        1,
        null,
        1,
        null,
        1,
        3,
        null,
        null,
        null,
        1,
        null
      ],
      "/home/ubuntu/workspace/Projects/6week/makersbnb/app/controllers/users.rb": [
        1,
        null,
        1,
        15,
        15,
        null,
        null,
        1,
        8,
        null,
        null,
        null,
        null,
        8,
        4,
        4,
        null,
        4,
        4,
        null,
        null,
        null
      ],
      "/home/ubuntu/workspace/Projects/6week/makersbnb/app/controllers/sessions.rb": [
        1,
        null,
        1,
        1,
        null,
        null,
        1,
        0,
        0,
        0,
        0,
        null,
        0,
        0,
        null,
        null,
        null,
        1,
        2,
        2,
        2,
        null,
        null
      ],
      "/home/ubuntu/workspace/Projects/6week/makersbnb/app/data_mapper_setup.rb": [
        1,
        1,
        null,
        1,
        1,
        1,
        1,
        null,
        1,
        1,
        1
      ],
      "/home/ubuntu/workspace/Projects/6week/makersbnb/app/models/booking.rb": [
        1,
        1,
        null,
        1,
        1,
        null,
        1,
        1,
        1,
        null,
        null
      ],
      "/home/ubuntu/workspace/Projects/6week/makersbnb/app/models/date.rb": [
        1,
        1,
        null,
        1,
        1,
        null,
        1,
        null,
        null
      ],
      "/home/ubuntu/workspace/Projects/6week/makersbnb/app/models/room.rb": [
        1,
        1,
        null,
        1,
        1,
        1,
        1,
        1,
        null,
        1,
        1,
        null,
        1,
        0,
        0,
        null,
        null,
        1,
        0,
        null,
        null,
        1,
        0,
        null,
        null
      ],
      "/home/ubuntu/workspace/Projects/6week/makersbnb/app/models/user.rb": [
        1,
        null,
        1,
        1,
        null,
        1,
        1,
        null,
        1,
        1,
        1,
        1,
        1,
        null,
        1,
        null,
        1,
        1,
        null,
        1,
        8,
        8,
        null,
        null,
        1,
        0,
        0,
        0,
        null,
        null,
        null,
        null,
        null,
        null
      ],
      "/home/ubuntu/workspace/Projects/6week/makersbnb/app/helpers.rb": [
        1,
        null,
        1,
        28,
        null,
        null,
        1,
        0,
        null,
        null,
        null
      ],
      "/home/ubuntu/workspace/Projects/6week/makersbnb/app/controllers/rooms.rb": [
        1,
        null,
        1,
        0,
        null,
        null,
        1,
        0,
        null,
        null,
        1,
        null,
        0,
        null,
        null,
        null,
        null,
        0,
        null,
        null,
        null,
        null,
        null
      ],
      "/home/ubuntu/workspace/Projects/6week/makersbnb/spec/helpers/session_helper.rb": [
        1,
        null,
        null,
        null,
        null,
        8,
        null,
        8,
        8,
        8,
        8,
        8,
        8,
        null,
        null,
        null,
        1,
        null,
        0,
        0,
        0,
        0,
        null,
        null,
        1,
        0,
        null
      ],
      "/home/ubuntu/workspace/Projects/6week/makersbnb/spec/helpers/room_helper.rb": [
        1,
        0,
        0,
        0,
        0,
        0,
        0,
        null
      ],
      "/home/ubuntu/workspace/Projects/6week/makersbnb/spec/features/signup_spec.rb": [
        null,
        null,
        1,
        null,
        1,
        2,
        null,
        null,
        1,
        1,
        1,
        1,
        null,
        null,
        1,
        2,
        null,
        null,
        null,
        null,
        1,
        2,
        null,
        null,
        1,
        1,
        1,
        2,
        1,
        null,
        null,
        1,
        1,
        1,
        2,
        1,
        null,
        null,
        1,
        1,
        1,
        1,
        null,
        null
      ]
    },
    "timestamp": 1486485473
  }
}
